<?xml version="1.0" encoding="UTF-8"?>
<!-- Generated by org.testng.reporters.JUnitXMLReporter -->
<testsuite ignored="0" hostname="LTIN190829" failures="0" tests="4" name="Test" time="221.621" errors="0" timestamp="2024-02-29T13:42:06 IST">
  <testcase classname="testcases.TC_01_Hoverelement" name="hoverelement" time="35.506"/>
  <testcase classname="testcases.TC_02_Upcomingbikes" name="upcomingbike" time="9.845"/>
  <testcase classname="testcases.TC_03_Usedcars" name="hoverelements" time="41.125"/>
  <testcase classname="testcases.TC_04_Signin" name="signin" time="48.763"/>
</testsuite> <!-- Test -->
