<?xml version="1.0" encoding="UTF-8"?>
<testng-results ignored="0" total="1" passed="1" failed="0" skipped="0">
  <reporter-output>
  </reporter-output>
  <suite started-at="2024-02-29T14:03:46 IST" name="Default suite" finished-at="2024-02-29T14:04:39 IST" duration-ms="52274">
    <groups>
      <group name="regression">
        <method signature="TC_03_Usedcars.hoverelements()[pri:0, instance:testcases.TC_03_Usedcars@7a35b0f5]" name="hoverelements" class="testcases.TC_03_Usedcars"/>
      </group> <!-- regression -->
      <group name="sanity">
        <method signature="TC_03_Usedcars.hoverelements()[pri:0, instance:testcases.TC_03_Usedcars@7a35b0f5]" name="hoverelements" class="testcases.TC_03_Usedcars"/>
      </group> <!-- sanity -->
    </groups>
    <test started-at="2024-02-29T14:03:46 IST" name="Default test" finished-at="2024-02-29T14:04:39 IST" duration-ms="52274">
      <class name="testcases.TC_03_Usedcars">
        <test-method is-config="true" signature="setup()[pri:0, instance:testcases.TC_03_Usedcars@7a35b0f5]" started-at="2024-02-29T14:03:47 IST" name="setup" finished-at="2024-02-29T14:04:19 IST" duration-ms="32236" status="PASS">
          <reporter-output>
          </reporter-output>
        </test-method> <!-- setup -->
        <test-method signature="hoverelements()[pri:0, instance:testcases.TC_03_Usedcars@7a35b0f5]" started-at="2024-02-29T14:04:19 IST" name="hoverelements" finished-at="2024-02-29T14:04:37 IST" duration-ms="18074" status="PASS">
          <reporter-output>
          </reporter-output>
        </test-method> <!-- hoverelements -->
        <test-method is-config="true" signature="close()[pri:0, instance:testcases.TC_03_Usedcars@7a35b0f5]" started-at="2024-02-29T14:04:37 IST" name="close" finished-at="2024-02-29T14:04:39 IST" duration-ms="1648" status="PASS">
          <reporter-output>
          </reporter-output>
        </test-method> <!-- close -->
      </class> <!-- testcases.TC_03_Usedcars -->
    </test> <!-- Default test -->
  </suite> <!-- Default suite -->
</testng-results>
