<?xml version="1.0" encoding="UTF-8"?>
<!-- Generated by org.testng.reporters.JUnitXMLReporter -->
<testsuite ignored="0" hostname="LTIN190829" failures="0" tests="4" name="Regression Tests" time="131.414" errors="0" timestamp="2024-02-28T14:01:34 IST">
  <testcase classname="testcases.TC_01_Hoverelement" name="hoverelement" time="6.605"/>
  <testcase classname="testcases.TC_02_Upcomingbikes" name="upcomingbike" time="8.065"/>
  <testcase classname="testcases.TC_03_Usedcars" name="hoverelements" time="9.986"/>
  <testcase classname="testcases.TC_04_Signin" name="signin" time="49.777"/>
</testsuite> <!-- Regression Tests -->
